0 info it worked if it ends with ok
1 verbose cli [ 'C:\\Program Files\\nodejs\\node.exe',
1 verbose cli   'P:\\Users\\pmathode\\AppData\\Roaming\\npm\\node_modules\\npm\\bin\\npm-cli.js',
1 verbose cli   'run',
1 verbose cli   'build' ]
2 info using npm@4.1.1
3 info using node@v6.9.1
4 verbose stack Error: missing script: build
4 verbose stack     at run (P:\Users\pmathode\AppData\Roaming\npm\node_modules\npm\lib\run-script.js:151:19)
4 verbose stack     at P:\Users\pmathode\AppData\Roaming\npm\node_modules\npm\lib\run-script.js:61:5
4 verbose stack     at P:\Users\pmathode\AppData\Roaming\npm\node_modules\npm\node_modules\read-package-json\read-json.js:356:5
4 verbose stack     at checkBinReferences_ (P:\Users\pmathode\AppData\Roaming\npm\node_modules\npm\node_modules\read-package-json\read-json.js:320:45)
4 verbose stack     at final (P:\Users\pmathode\AppData\Roaming\npm\node_modules\npm\node_modules\read-package-json\read-json.js:354:3)
4 verbose stack     at then (P:\Users\pmathode\AppData\Roaming\npm\node_modules\npm\node_modules\read-package-json\read-json.js:124:5)
4 verbose stack     at P:\Users\pmathode\AppData\Roaming\npm\node_modules\npm\node_modules\read-package-json\read-json.js:311:12
4 verbose stack     at P:\Users\pmathode\AppData\Roaming\npm\node_modules\npm\node_modules\graceful-fs\graceful-fs.js:78:16
4 verbose stack     at tryToString (fs.js:455:3)
4 verbose stack     at FSReqWrap.readFileAfterClose [as oncomplete] (fs.js:442:12)
5 verbose cwd P:\Users\pmathode\webpack_angular
6 error Windows_NT 6.1.7601
7 error argv "C:\\Program Files\\nodejs\\node.exe" "P:\\Users\\pmathode\\AppData\\Roaming\\npm\\node_modules\\npm\\bin\\npm-cli.js" "run" "build"
8 error node v6.9.1
9 error npm  v4.1.1
10 error missing script: build
11 error If you need help, you may report this error at:
11 error     <https://github.com/npm/npm/issues>
12 verbose exit [ 1, true ]
